app/build/intermediates/manifest_merge_blame_file/debug/manifest-merger-blame-debug-report.txt
1<?xml version="1.0" encoding="utf-8"?>
2<manifest xmlns:android="http://schemas.android.com/apk/res/android"
3    package="com.preview.planner"
4    android:versionCode="1"
5    android:versionName="1.0" >
6
7    <uses-sdk
8        android:minSdkVersion="16"
8-->src/main/AndroidManifest.xml
9        android:targetSdkVersion="29" />
9-->src/main/AndroidManifest.xml
10
11    <uses-permission android:name="android.permission.GET_ACCOUNTS" />
11-->src/main/AndroidManifest.xml:4:5-70
11-->src/main/AndroidManifest.xml:4:22-68
12    <uses-permission android:name="android.permission.INTERNET" />
12-->src/main/AndroidManifest.xml:5:5-66
12-->src/main/AndroidManifest.xml:5:22-64
13    <uses-permission android:name="android.permission.READ_EXTERNAL_STORAGE" />
13-->src/main/AndroidManifest.xml:6:5-79
13-->src/main/AndroidManifest.xml:6:22-77
14    <uses-permission android:name="android.permission.WRITE_EXTERNAL_STORAGE" />
14-->src/main/AndroidManifest.xml:7:5-80
14-->src/main/AndroidManifest.xml:7:22-78
15    <uses-permission android:name="android.permission.CAMERA" />
15-->[com.github.esafirm.android-image-picker:imagepicker:2.1.0] AndroidManifest.xml:13:5-65
15-->[com.github.esafirm.android-image-picker:imagepicker:2.1.0] AndroidManifest.xml:13:22-62
16    <uses-permission android:name="android.permission.ACCESS_NETWORK_STATE" />
16-->[com.google.firebase:firebase-iid:19.0.0] AndroidManifest.xml:22:5-79
16-->[com.google.firebase:firebase-iid:19.0.0] AndroidManifest.xml:22:22-76
17    <uses-permission android:name="android.permission.WAKE_LOCK" /> <!-- Required by older versions of Google Play services to create IID tokens -->
17-->[com.google.firebase:firebase-iid:19.0.0] AndroidManifest.xml:24:5-68
17-->[com.google.firebase:firebase-iid:19.0.0] AndroidManifest.xml:24:22-65
18    <uses-permission android:name="com.google.android.c2dm.permission.RECEIVE" />
18-->[com.google.firebase:firebase-iid:19.0.0] AndroidManifest.xml:26:5-82
18-->[com.google.firebase:firebase-iid:19.0.0] AndroidManifest.xml:26:22-79
19
20    <application
20-->src/main/AndroidManifest.xml:8:5-33:19
21        android:name="com.preview.planner.UILApplication"
21-->src/main/AndroidManifest.xml:14:9-58
22        android:allowBackup="true"
22-->src/main/AndroidManifest.xml:9:9-35
23        android:appComponentFactory="androidx.core.app.CoreComponentFactory"
23-->[androidx.core:core:1.1.0] AndroidManifest.xml:24:18-86
24        android:debuggable="true"
25        android:icon="@mipmap/ic_launcher"
25-->src/main/AndroidManifest.xml:10:9-43
26        android:label="@string/app_name"
26-->src/main/AndroidManifest.xml:11:9-41
27        android:roundIcon="@mipmap/ic_launcher_round"
27-->src/main/AndroidManifest.xml:12:9-54
28        android:supportsRtl="true"
28-->src/main/AndroidManifest.xml:13:9-35
29        android:theme="@style/AppTheme" >
29-->src/main/AndroidManifest.xml:15:9-40
30        <activity
30-->src/main/AndroidManifest.xml:16:9-23:20
31            android:name="com.travels.searchtravels.activity.MainActivity"
31-->src/main/AndroidManifest.xml:16:19-56
32            android:screenOrientation="portrait" >
32-->src/main/AndroidManifest.xml:17:13-49
33            <intent-filter>
33-->src/main/AndroidManifest.xml:18:13-22:29
34                <action android:name="android.intent.action.MAIN" />
34-->src/main/AndroidManifest.xml:19:17-69
34-->src/main/AndroidManifest.xml:19:25-66
35
36                <category android:name="android.intent.category.LAUNCHER" />
36-->src/main/AndroidManifest.xml:21:17-77
36-->src/main/AndroidManifest.xml:21:27-74
37            </intent-filter>
38        </activity>
39        <activity
39-->src/main/AndroidManifest.xml:24:9-27:20
40            android:name="com.travels.searchtravels.activity.DetailsActivity"
40-->src/main/AndroidManifest.xml:24:19-59
41            android:screenOrientation="portrait" >
41-->src/main/AndroidManifest.xml:25:13-49
42        </activity>
43        <activity
43-->src/main/AndroidManifest.xml:28:9-31:20
44            android:name="com.travels.searchtravels.activity.ChipActivity"
44-->src/main/AndroidManifest.xml:28:19-56
45            android:screenOrientation="portrait" >
45-->src/main/AndroidManifest.xml:29:13-49
46        </activity>
47        <activity
47-->[com.github.esafirm.android-image-picker:rximagepicker:2.1.0] AndroidManifest.xml:12:9-16:75
48            android:name="com.esafirm.rximagepicker.ShadowActivity"
48-->[com.github.esafirm.android-image-picker:rximagepicker:2.1.0] AndroidManifest.xml:13:13-68
49            android:configChanges="keyboard|keyboardHidden|orientation|screenSize|screenLayout|smallestScreenSize|uiMode"
49-->[com.github.esafirm.android-image-picker:rximagepicker:2.1.0] AndroidManifest.xml:14:13-122
50            android:launchMode="singleTop"
50-->[com.github.esafirm.android-image-picker:rximagepicker:2.1.0] AndroidManifest.xml:15:13-43
51            android:theme="@android:style/Theme.Translucent.NoTitleBar" />
51-->[com.github.esafirm.android-image-picker:rximagepicker:2.1.0] AndroidManifest.xml:16:13-72
52        <activity
52-->[com.github.esafirm.android-image-picker:imagepicker:2.1.0] AndroidManifest.xml:16:9-19:50
53            android:name="com.esafirm.imagepicker.features.ImagePickerActivity"
53-->[com.github.esafirm.android-image-picker:imagepicker:2.1.0] AndroidManifest.xml:17:13-80
54            android:configChanges="orientation|screenSize"
54-->[com.github.esafirm.android-image-picker:imagepicker:2.1.0] AndroidManifest.xml:18:13-59
55            android:theme="@style/ef_AppTheme" />
55-->[com.github.esafirm.android-image-picker:imagepicker:2.1.0] AndroidManifest.xml:19:13-47
56
57        <provider
57-->[com.github.esafirm.android-image-picker:imagepicker:2.1.0] AndroidManifest.xml:21:9-29:20
58            android:name="com.esafirm.imagepicker.helper.ImagePickerFileProvider"
58-->[com.github.esafirm.android-image-picker:imagepicker:2.1.0] AndroidManifest.xml:22:13-82
59            android:authorities="com.preview.planner.imagepicker.provider"
59-->[com.github.esafirm.android-image-picker:imagepicker:2.1.0] AndroidManifest.xml:23:13-72
60            android:exported="false"
60-->[com.github.esafirm.android-image-picker:imagepicker:2.1.0] AndroidManifest.xml:24:13-37
61            android:grantUriPermissions="true" >
61-->[com.github.esafirm.android-image-picker:imagepicker:2.1.0] AndroidManifest.xml:25:13-47
62            <meta-data
62-->[com.github.esafirm.android-image-picker:imagepicker:2.1.0] AndroidManifest.xml:26:13-28:71
63                android:name="android.support.FILE_PROVIDER_PATHS"
63-->[com.github.esafirm.android-image-picker:imagepicker:2.1.0] AndroidManifest.xml:27:17-67
64                android:resource="@xml/image_picker_provider_paths" />
64-->[com.github.esafirm.android-image-picker:imagepicker:2.1.0] AndroidManifest.xml:28:17-68
65        </provider>
66
67        <service
67-->[com.google.firebase:firebase-ml-vision:24.0.1] AndroidManifest.xml:9:9-15:19
68            android:name="com.google.firebase.components.ComponentDiscoveryService"
68-->[com.google.firebase:firebase-ml-vision:24.0.1] AndroidManifest.xml:10:13-84
69            android:exported="false" >
69-->[com.google.firebase:firebase-ml-vision:24.0.1] AndroidManifest.xml:11:13-37
70            <meta-data
70-->[com.google.firebase:firebase-ml-vision:24.0.1] AndroidManifest.xml:12:13-14:85
71                android:name="com.google.firebase.components:com.google.firebase.ml.vision.VisionRegistrar"
71-->[com.google.firebase:firebase-ml-vision:24.0.1] AndroidManifest.xml:13:17-108
72                android:value="com.google.firebase.components.ComponentRegistrar" />
72-->[com.google.firebase:firebase-ml-vision:24.0.1] AndroidManifest.xml:14:17-82
73            <meta-data
73-->[com.google.firebase:firebase-ml-common:22.0.1] AndroidManifest.xml:11:13-13:85
74                android:name="com.google.firebase.components:com.google.firebase.ml.common.CommonComponentRegistrar"
74-->[com.google.firebase:firebase-ml-common:22.0.1] AndroidManifest.xml:12:17-117
75                android:value="com.google.firebase.components.ComponentRegistrar" />
75-->[com.google.firebase:firebase-ml-common:22.0.1] AndroidManifest.xml:13:17-82
76            <meta-data
76-->[com.google.firebase:firebase-iid:19.0.0] AndroidManifest.xml:32:13-34:85
77                android:name="com.google.firebase.components:com.google.firebase.iid.Registrar"
77-->[com.google.firebase:firebase-iid:19.0.0] AndroidManifest.xml:33:17-96
78                android:value="com.google.firebase.components.ComponentRegistrar" />
78-->[com.google.firebase:firebase-iid:19.0.0] AndroidManifest.xml:34:17-82
79        </service>
80
81        <provider
81-->[com.squareup.picasso:picasso:2.71828] AndroidManifest.xml:8:9-11:40
82            android:name="com.squareup.picasso.PicassoProvider"
82-->[com.squareup.picasso:picasso:2.71828] AndroidManifest.xml:9:13-64
83            android:authorities="com.preview.planner.com.squareup.picasso"
83-->[com.squareup.picasso:picasso:2.71828] AndroidManifest.xml:10:13-72
84            android:exported="false" />
84-->[com.squareup.picasso:picasso:2.71828] AndroidManifest.xml:11:13-37
85
86        <receiver
86-->[com.google.firebase:firebase-iid:19.0.0] AndroidManifest.xml:37:9-44:20
87            android:name="com.google.firebase.iid.FirebaseInstanceIdReceiver"
87-->[com.google.firebase:firebase-iid:19.0.0] AndroidManifest.xml:38:13-78
88            android:exported="true"
88-->[com.google.firebase:firebase-iid:19.0.0] AndroidManifest.xml:39:13-36
89            android:permission="com.google.android.c2dm.permission.SEND" >
89-->[com.google.firebase:firebase-iid:19.0.0] AndroidManifest.xml:40:13-73
90            <intent-filter>
90-->[com.google.firebase:firebase-iid:19.0.0] AndroidManifest.xml:41:13-43:29
91                <action android:name="com.google.android.c2dm.intent.RECEIVE" />
91-->[com.google.firebase:firebase-iid:19.0.0] AndroidManifest.xml:42:17-81
91-->[com.google.firebase:firebase-iid:19.0.0] AndroidManifest.xml:42:25-78
92            </intent-filter>
93        </receiver>
94
95        <activity
95-->[com.google.android.gms:play-services-base:17.0.0] AndroidManifest.xml:23:9-26:75
96            android:name="com.google.android.gms.common.api.GoogleApiActivity"
96-->[com.google.android.gms:play-services-base:17.0.0] AndroidManifest.xml:24:13-79
97            android:exported="false"
97-->[com.google.android.gms:play-services-base:17.0.0] AndroidManifest.xml:25:13-37
98            android:theme="@android:style/Theme.Translucent.NoTitleBar" />
98-->[com.google.android.gms:play-services-base:17.0.0] AndroidManifest.xml:26:13-72
99
100        <provider
100-->[com.google.firebase:firebase-common:19.0.0] AndroidManifest.xml:12:9-16:39
101            android:name="com.google.firebase.provider.FirebaseInitProvider"
101-->[com.google.firebase:firebase-common:19.0.0] AndroidManifest.xml:13:13-77
102            android:authorities="com.preview.planner.firebaseinitprovider"
102-->[com.google.firebase:firebase-common:19.0.0] AndroidManifest.xml:14:13-72
103            android:exported="false"
103-->[com.google.firebase:firebase-common:19.0.0] AndroidManifest.xml:15:13-37
104            android:initOrder="100" />
104-->[com.google.firebase:firebase-common:19.0.0] AndroidManifest.xml:16:13-36
105
106        <meta-data
106-->[com.google.android.gms:play-services-basement:17.0.0] AndroidManifest.xml:23:9-25:69
107            android:name="com.google.android.gms.version"
107-->[com.google.android.gms:play-services-basement:17.0.0] AndroidManifest.xml:24:13-58
108            android:value="@integer/google_play_services_version" />
108-->[com.google.android.gms:play-services-basement:17.0.0] AndroidManifest.xml:25:13-66
109    </application>
110
111</manifest>